<?xml version="1.0" encoding="UTF-8"?>
<!-- Generated by org.testng.reporters.JUnitXMLReporter -->
<testsuite ignored="0" hostname="IN-CGKRXM3" failures="0" tests="10" name="Surefire test" time="165.198" errors="0" timestamp="23 Dec 2022 09:44:47 GMT">
  <testcase classname="com.crm.qa.testcases.ContactsPageTest" name="createContact" time="6.757"/>
  <testcase classname="com.crm.qa.testcases.ContactsPageTest" name="createContact" time="6.679"/>
  <testcase classname="com.crm.qa.testcases.ContactsPageTest" name="createContact" time="6.881"/>
  <testcase classname="com.crm.qa.testcases.ContactsPageTest" name="verifyContactsPageLabel" time="0.088"/>
  <testcase classname="com.crm.qa.testcases.HomePageTest" name="verifyHomePageTitleTest" time="0.012"/>
  <testcase classname="com.crm.qa.testcases.LoginPageTest" name="loginPageTitleTest" time="0.005"/>
  <testcase classname="com.crm.qa.testcases.HomePageTest" name="verifyUserNameTest" time="1.049"/>
  <testcase classname="com.crm.qa.testcases.LoginPageTest" name="crmLogoImageTest" time="0.092"/>
  <testcase classname="com.crm.qa.testcases.HomePageTest" name="verifyContactsLinkTest" time="4.371"/>
  <testcase classname="com.crm.qa.testcases.LoginPageTest" name="loginTest" time="8.113"/>
</testsuite> <!-- Surefire test -->
