<?xml version="1.0" encoding="UTF-8"?>
<!-- Generated by org.testng.reporters.JUnitXMLReporter -->
<testsuite ignored="0" hostname="IN-CGKRXM3" failures="0" tests="3" name="Default test" time="23.113" errors="0" timestamp="23 Dec 2022 06:58:26 GMT">
  <testcase classname="com.crm.qa.testcases.LoginPageTest" name="loginPageTitleTest" time="0.02"/>
  <testcase classname="com.crm.qa.testcases.LoginPageTest" name="crmLogoImageTest" time="0.17"/>
  <testcase classname="com.crm.qa.testcases.LoginPageTest" name="loginTest" time="8.417"/>
</testsuite> <!-- Default test -->
