<?xml version="1.0" encoding="UTF-8"?>
<testsuite xmlns:xsi="http://www.w3.org/2001/XMLSchema-instance" xsi:noNamespaceSchemaLocation="https://maven.apache.org/surefire/maven-surefire-plugin/xsd/surefire-test-report-3.0.xsd" version="3.0" name="TestSuite" time="165.656" tests="10" errors="0" skipped="0" failures="0">
  <properties>
[...]
</properties>
  <testcase name="createContact[Tom, Peter, Google, Lead](1)" classname="com.crm.qa.testcases.ContactsPageTest" time="6.744">
    <system-out><![CDATA[Before navigating to: 'https://freecrm.com/'
Navigated to:'https://freecrm.com/'
Trying to find Element By : By.xpath: //a[contains(text(),'Sign Up')]
Found Element By : By.xpath: //a[contains(text(),'Sign Up')]
Trying to click on: [[ChromeDriver: chrome on WINDOWS (ac37cd4cc163c27e096fa904b8a1165d)] -> xpath: //a[contains(text(),'Sign Up')]]
Clicked on: [[ChromeDriver: chrome on WINDOWS (ac37cd4cc163c27e096fa904b8a1165d)] -> xpath: //a[contains(text(),'Sign Up')]]
Trying to find Element By : By.xpath: //a[contains(text(),'Got an account? Log in here')]
Found Element By : By.xpath: //a[contains(text(),'Got an account? Log in here')]
Trying to click on: [[ChromeDriver: chrome on WINDOWS (ac37cd4cc163c27e096fa904b8a1165d)] -> xpath: //a[contains(text(),'Got an account? Log in here')]]
Clicked on: [[ChromeDriver: chrome on WINDOWS (ac37cd4cc163c27e096fa904b8a1165d)] -> xpath: //a[contains(text(),'Got an account? Log in here')]]
Trying to find Element By : By.name: email
Found Element By : By.name: email
Trying to find Element By : By.name: password
Found Element By : By.name: password
Trying to find Element By : By.xpath: //div[contains(text(),'Login')]
Found Element By : By.xpath: //div[contains(text(),'Login')]
Trying to click on: [[ChromeDriver: chrome on WINDOWS (ac37cd4cc163c27e096fa904b8a1165d)] -> xpath: //div[contains(text(),'Login')]]
Clicked on: [[ChromeDriver: chrome on WINDOWS (ac37cd4cc163c27e096fa904b8a1165d)] -> xpath: //div[contains(text(),'Login')]]
Trying to find Element By : By.xpath: //*[@id="main-nav"]/div[3]/a
Found Element By : By.xpath: //*[@id="main-nav"]/div[3]/a
Trying to click on: [[ChromeDriver: chrome on WINDOWS (ac37cd4cc163c27e096fa904b8a1165d)] -> xpath: //*[@id="main-nav"]/div[3]/a]
Clicked on: [[ChromeDriver: chrome on WINDOWS (ac37cd4cc163c27e096fa904b8a1165d)] -> xpath: //*[@id="main-nav"]/div[3]/a]
Trying to find Element By : By.xpath: //*[@id="dashboard-toolbar"]/div[2]/div/a/button
Found Element By : By.xpath: //*[@id="dashboard-toolbar"]/div[2]/div/a/button
Trying to click on: [[ChromeDriver: chrome on WINDOWS (ac37cd4cc163c27e096fa904b8a1165d)] -> xpath: //*[@id="dashboard-toolbar"]/div[2]/div/a/button]
Clicked on: [[ChromeDriver: chrome on WINDOWS (ac37cd4cc163c27e096fa904b8a1165d)] -> xpath: //*[@id="dashboard-toolbar"]/div[2]/div/a/button]
Trying to find Element By : By.name: first_name
Found Element By : By.name: first_name
Trying to find Element By : By.name: last_name
Found Element By : By.name: last_name
Trying to find Element By : By.xpath: //*[@id="main-content"]/div/div[2]/form/div[2]/div[2]/div/div/input
Found Element By : By.xpath: //*[@id="main-content"]/div/div[2]/form/div[2]/div[2]/div/div/input
Trying to find Element By : By.xpath: //*[@id="main-content"]/div/div[2]/form/div[2]/div[2]/div/div/input
Found Element By : By.xpath: //*[@id="main-content"]/div/div[2]/form/div[2]/div[2]/div/div/input
Trying to find Element By : By.name: category
Found Element By : By.name: category
Trying to click on: [[ChromeDriver: chrome on WINDOWS (ac37cd4cc163c27e096fa904b8a1165d)] -> name: category]
Clicked on: [[ChromeDriver: chrome on WINDOWS (ac37cd4cc163c27e096fa904b8a1165d)] -> name: category]
Trying to find Element By : By.xpath: //span[text()='Lead']
Found Element By : By.xpath: //span[text()='Lead']
Trying to click on: [[ChromeDriver: chrome on WINDOWS (ac37cd4cc163c27e096fa904b8a1165d)] -> xpath: //span[text()='Lead']]
Clicked on: [[ChromeDriver: chrome on WINDOWS (ac37cd4cc163c27e096fa904b8a1165d)] -> xpath: //span[text()='Lead']]
Trying to find Element By : By.xpath: //*[@id="dashboard-toolbar"]/div[2]/div/button[2]
Found Element By : By.xpath: //*[@id="dashboard-toolbar"]/div[2]/div/button[2]
Trying to click on: [[ChromeDriver: chrome on WINDOWS (ac37cd4cc163c27e096fa904b8a1165d)] -> xpath: //*[@id="dashboard-toolbar"]/div[2]/div/button[2]]
Clicked on: [[ChromeDriver: chrome on WINDOWS (ac37cd4cc163c27e096fa904b8a1165d)] -> xpath: //*[@id="dashboard-toolbar"]/div[2]/div/button[2]]
]]></system-out>
    <system-err><![CDATA[SLF4J: Failed to load class "org.slf4j.impl.StaticLoggerBinder".
SLF4J: Defaulting to no-operation (NOP) logger implementation
SLF4J: See http://www.slf4j.org/codes.html#StaticLoggerBinder for further details.
Starting ChromeDriver 108.0.5359.71 (1e0e3868ee06e91ad636a874420e3ca3ae3756ac-refs/branch-heads/5359@{#1016}) on port 29841
Only local connections are allowed.
Please see https://chromedriver.chromium.org/security-considerations for suggestions on keeping ChromeDriver safe.
ChromeDriver was started successfully.
Dec 23, 2022 3:12:09 PM org.openqa.selenium.remote.ProtocolHandshake createSession
INFO: Detected dialect: W3C
]]></system-err>
  </testcase>
  <testcase name="createContact[David, Cris, Amazon, Customer](2)" classname="com.crm.qa.testcases.ContactsPageTest" time="6.676">
    <system-out><![CDATA[Before navigating to: 'https://freecrm.com/'
Navigated to:'https://freecrm.com/'
Trying to find Element By : By.xpath: //a[contains(text(),'Sign Up')]
Found Element By : By.xpath: //a[contains(text(),'Sign Up')]
Trying to click on: [[ChromeDriver: chrome on WINDOWS (d1d7c6815636567cff3e1b4bf41fb9b8)] -> xpath: //a[contains(text(),'Sign Up')]]
Clicked on: [[ChromeDriver: chrome on WINDOWS (d1d7c6815636567cff3e1b4bf41fb9b8)] -> xpath: //a[contains(text(),'Sign Up')]]
Trying to find Element By : By.xpath: //a[contains(text(),'Got an account? Log in here')]
Found Element By : By.xpath: //a[contains(text(),'Got an account? Log in here')]
Trying to click on: [[ChromeDriver: chrome on WINDOWS (d1d7c6815636567cff3e1b4bf41fb9b8)] -> xpath: //a[contains(text(),'Got an account? Log in here')]]
Clicked on: [[ChromeDriver: chrome on WINDOWS (d1d7c6815636567cff3e1b4bf41fb9b8)] -> xpath: //a[contains(text(),'Got an account? Log in here')]]
Trying to find Element By : By.name: email
Found Element By : By.name: email
Trying to find Element By : By.name: password
Found Element By : By.name: password
Trying to find Element By : By.xpath: //div[contains(text(),'Login')]
Found Element By : By.xpath: //div[contains(text(),'Login')]
Trying to click on: [[ChromeDriver: chrome on WINDOWS (d1d7c6815636567cff3e1b4bf41fb9b8)] -> xpath: //div[contains(text(),'Login')]]
Clicked on: [[ChromeDriver: chrome on WINDOWS (d1d7c6815636567cff3e1b4bf41fb9b8)] -> xpath: //div[contains(text(),'Login')]]
Trying to find Element By : By.xpath: //*[@id="main-nav"]/div[3]/a
Found Element By : By.xpath: //*[@id="main-nav"]/div[3]/a
Trying to click on: [[ChromeDriver: chrome on WINDOWS (d1d7c6815636567cff3e1b4bf41fb9b8)] -> xpath: //*[@id="main-nav"]/div[3]/a]
Clicked on: [[ChromeDriver: chrome on WINDOWS (d1d7c6815636567cff3e1b4bf41fb9b8)] -> xpath: //*[@id="main-nav"]/div[3]/a]
Trying to find Element By : By.xpath: //*[@id="dashboard-toolbar"]/div[2]/div/a/button
Found Element By : By.xpath: //*[@id="dashboard-toolbar"]/div[2]/div/a/button
Trying to click on: [[ChromeDriver: chrome on WINDOWS (d1d7c6815636567cff3e1b4bf41fb9b8)] -> xpath: //*[@id="dashboard-toolbar"]/div[2]/div/a/button]
Clicked on: [[ChromeDriver: chrome on WINDOWS (d1d7c6815636567cff3e1b4bf41fb9b8)] -> xpath: //*[@id="dashboard-toolbar"]/div[2]/div/a/button]
Trying to find Element By : By.name: first_name
Found Element By : By.name: first_name
Trying to find Element By : By.name: last_name
Found Element By : By.name: last_name
Trying to find Element By : By.xpath: //*[@id="main-content"]/div/div[2]/form/div[2]/div[2]/div/div/input
Found Element By : By.xpath: //*[@id="main-content"]/div/div[2]/form/div[2]/div[2]/div/div/input
Trying to find Element By : By.xpath: //*[@id="main-content"]/div/div[2]/form/div[2]/div[2]/div/div/input
Found Element By : By.xpath: //*[@id="main-content"]/div/div[2]/form/div[2]/div[2]/div/div/input
Trying to find Element By : By.name: category
Found Element By : By.name: category
Trying to click on: [[ChromeDriver: chrome on WINDOWS (d1d7c6815636567cff3e1b4bf41fb9b8)] -> name: category]
Clicked on: [[ChromeDriver: chrome on WINDOWS (d1d7c6815636567cff3e1b4bf41fb9b8)] -> name: category]
Trying to find Element By : By.xpath: //span[text()='Customer']
Found Element By : By.xpath: //span[text()='Customer']
Trying to click on: [[ChromeDriver: chrome on WINDOWS (d1d7c6815636567cff3e1b4bf41fb9b8)] -> xpath: //span[text()='Customer']]
Clicked on: [[ChromeDriver: chrome on WINDOWS (d1d7c6815636567cff3e1b4bf41fb9b8)] -> xpath: //span[text()='Customer']]
Trying to find Element By : By.xpath: //*[@id="dashboard-toolbar"]/div[2]/div/button[2]
Found Element By : By.xpath: //*[@id="dashboard-toolbar"]/div[2]/div/button[2]
Trying to click on: [[ChromeDriver: chrome on WINDOWS (d1d7c6815636567cff3e1b4bf41fb9b8)] -> xpath: //*[@id="dashboard-toolbar"]/div[2]/div/button[2]]
Clicked on: [[ChromeDriver: chrome on WINDOWS (d1d7c6815636567cff3e1b4bf41fb9b8)] -> xpath: //*[@id="dashboard-toolbar"]/div[2]/div/button[2]]
]]></system-out>
    <system-err><![CDATA[Starting ChromeDriver 108.0.5359.71 (1e0e3868ee06e91ad636a874420e3ca3ae3756ac-refs/branch-heads/5359@{#1016}) on port 24649
Only local connections are allowed.
Please see https://chromedriver.chromium.org/security-considerations for suggestions on keeping ChromeDriver safe.
ChromeDriver was started successfully.
Dec 23, 2022 3:12:36 PM org.openqa.selenium.remote.ProtocolHandshake createSession
INFO: Detected dialect: W3C
]]></system-err>
  </testcase>
  <testcase name="createContact[Mukta, Sharma, Ebay, Contact](3)" classname="com.crm.qa.testcases.ContactsPageTest" time="6.874">
    <system-out><![CDATA[Before navigating to: 'https://freecrm.com/'
Navigated to:'https://freecrm.com/'
Trying to find Element By : By.xpath: //a[contains(text(),'Sign Up')]
Found Element By : By.xpath: //a[contains(text(),'Sign Up')]
Trying to click on: [[ChromeDriver: chrome on WINDOWS (965907307ed7ea0fa34aed4e9ba847ff)] -> xpath: //a[contains(text(),'Sign Up')]]
Clicked on: [[ChromeDriver: chrome on WINDOWS (965907307ed7ea0fa34aed4e9ba847ff)] -> xpath: //a[contains(text(),'Sign Up')]]
Trying to find Element By : By.xpath: //a[contains(text(),'Got an account? Log in here')]
Found Element By : By.xpath: //a[contains(text(),'Got an account? Log in here')]
Trying to click on: [[ChromeDriver: chrome on WINDOWS (965907307ed7ea0fa34aed4e9ba847ff)] -> xpath: //a[contains(text(),'Got an account? Log in here')]]
Clicked on: [[ChromeDriver: chrome on WINDOWS (965907307ed7ea0fa34aed4e9ba847ff)] -> xpath: //a[contains(text(),'Got an account? Log in here')]]
Trying to find Element By : By.name: email
Found Element By : By.name: email
Trying to find Element By : By.name: password
Found Element By : By.name: password
Trying to find Element By : By.xpath: //div[contains(text(),'Login')]
Found Element By : By.xpath: //div[contains(text(),'Login')]
Trying to click on: [[ChromeDriver: chrome on WINDOWS (965907307ed7ea0fa34aed4e9ba847ff)] -> xpath: //div[contains(text(),'Login')]]
Clicked on: [[ChromeDriver: chrome on WINDOWS (965907307ed7ea0fa34aed4e9ba847ff)] -> xpath: //div[contains(text(),'Login')]]
Trying to find Element By : By.xpath: //*[@id="main-nav"]/div[3]/a
Found Element By : By.xpath: //*[@id="main-nav"]/div[3]/a
Trying to click on: [[ChromeDriver: chrome on WINDOWS (965907307ed7ea0fa34aed4e9ba847ff)] -> xpath: //*[@id="main-nav"]/div[3]/a]
Clicked on: [[ChromeDriver: chrome on WINDOWS (965907307ed7ea0fa34aed4e9ba847ff)] -> xpath: //*[@id="main-nav"]/div[3]/a]
Trying to find Element By : By.xpath: //*[@id="dashboard-toolbar"]/div[2]/div/a/button
Found Element By : By.xpath: //*[@id="dashboard-toolbar"]/div[2]/div/a/button
Trying to click on: [[ChromeDriver: chrome on WINDOWS (965907307ed7ea0fa34aed4e9ba847ff)] -> xpath: //*[@id="dashboard-toolbar"]/div[2]/div/a/button]
Clicked on: [[ChromeDriver: chrome on WINDOWS (965907307ed7ea0fa34aed4e9ba847ff)] -> xpath: //*[@id="dashboard-toolbar"]/div[2]/div/a/button]
Trying to find Element By : By.name: first_name
Found Element By : By.name: first_name
Trying to find Element By : By.name: last_name
Found Element By : By.name: last_name
Trying to find Element By : By.xpath: //*[@id="main-content"]/div/div[2]/form/div[2]/div[2]/div/div/input
Found Element By : By.xpath: //*[@id="main-content"]/div/div[2]/form/div[2]/div[2]/div/div/input
Trying to find Element By : By.xpath: //*[@id="main-content"]/div/div[2]/form/div[2]/div[2]/div/div/input
Found Element By : By.xpath: //*[@id="main-content"]/div/div[2]/form/div[2]/div[2]/div/div/input
Trying to find Element By : By.name: category
Found Element By : By.name: category
Trying to click on: [[ChromeDriver: chrome on WINDOWS (965907307ed7ea0fa34aed4e9ba847ff)] -> name: category]
Clicked on: [[ChromeDriver: chrome on WINDOWS (965907307ed7ea0fa34aed4e9ba847ff)] -> name: category]
Trying to find Element By : By.xpath: //span[text()='Contact']
Found Element By : By.xpath: //span[text()='Contact']
Trying to click on: [[ChromeDriver: chrome on WINDOWS (965907307ed7ea0fa34aed4e9ba847ff)] -> xpath: //span[text()='Contact']]
Clicked on: [[ChromeDriver: chrome on WINDOWS (965907307ed7ea0fa34aed4e9ba847ff)] -> xpath: //span[text()='Contact']]
Trying to find Element By : By.xpath: //*[@id="dashboard-toolbar"]/div[2]/div/button[2]
Found Element By : By.xpath: //*[@id="dashboard-toolbar"]/div[2]/div/button[2]
Trying to click on: [[ChromeDriver: chrome on WINDOWS (965907307ed7ea0fa34aed4e9ba847ff)] -> xpath: //*[@id="dashboard-toolbar"]/div[2]/div/button[2]]
Clicked on: [[ChromeDriver: chrome on WINDOWS (965907307ed7ea0fa34aed4e9ba847ff)] -> xpath: //*[@id="dashboard-toolbar"]/div[2]/div/button[2]]
]]></system-out>
    <system-err><![CDATA[Starting ChromeDriver 108.0.5359.71 (1e0e3868ee06e91ad636a874420e3ca3ae3756ac-refs/branch-heads/5359@{#1016}) on port 11721
Only local connections are allowed.
Please see https://chromedriver.chromium.org/security-considerations for suggestions on keeping ChromeDriver safe.
ChromeDriver was started successfully.
Dec 23, 2022 3:13:01 PM org.openqa.selenium.remote.ProtocolHandshake createSession
INFO: Detected dialect: W3C
]]></system-err>
  </testcase>
  <testcase name="verifyContactsPageLabel" classname="com.crm.qa.testcases.ContactsPageTest" time="0.084">
    <system-out><![CDATA[Before navigating to: 'https://freecrm.com/'
Navigated to:'https://freecrm.com/'
Trying to find Element By : By.xpath: //a[contains(text(),'Sign Up')]
Found Element By : By.xpath: //a[contains(text(),'Sign Up')]
Trying to click on: [[ChromeDriver: chrome on WINDOWS (8aff06c25a72d1ca6a15758e3eae66ec)] -> xpath: //a[contains(text(),'Sign Up')]]
Clicked on: [[ChromeDriver: chrome on WINDOWS (8aff06c25a72d1ca6a15758e3eae66ec)] -> xpath: //a[contains(text(),'Sign Up')]]
Trying to find Element By : By.xpath: //a[contains(text(),'Got an account? Log in here')]
Found Element By : By.xpath: //a[contains(text(),'Got an account? Log in here')]
Trying to click on: [[ChromeDriver: chrome on WINDOWS (8aff06c25a72d1ca6a15758e3eae66ec)] -> xpath: //a[contains(text(),'Got an account? Log in here')]]
Clicked on: [[ChromeDriver: chrome on WINDOWS (8aff06c25a72d1ca6a15758e3eae66ec)] -> xpath: //a[contains(text(),'Got an account? Log in here')]]
Trying to find Element By : By.name: email
Found Element By : By.name: email
Trying to find Element By : By.name: password
Found Element By : By.name: password
Trying to find Element By : By.xpath: //div[contains(text(),'Login')]
Found Element By : By.xpath: //div[contains(text(),'Login')]
Trying to click on: [[ChromeDriver: chrome on WINDOWS (8aff06c25a72d1ca6a15758e3eae66ec)] -> xpath: //div[contains(text(),'Login')]]
Clicked on: [[ChromeDriver: chrome on WINDOWS (8aff06c25a72d1ca6a15758e3eae66ec)] -> xpath: //div[contains(text(),'Login')]]
Trying to find Element By : By.xpath: //*[@id="main-nav"]/div[3]/a
Found Element By : By.xpath: //*[@id="main-nav"]/div[3]/a
Trying to click on: [[ChromeDriver: chrome on WINDOWS (8aff06c25a72d1ca6a15758e3eae66ec)] -> xpath: //*[@id="main-nav"]/div[3]/a]
Clicked on: [[ChromeDriver: chrome on WINDOWS (8aff06c25a72d1ca6a15758e3eae66ec)] -> xpath: //*[@id="main-nav"]/div[3]/a]
Trying to find Element By : By.xpath: //*[@id="dashboard-toolbar"]/div[1]
Found Element By : By.xpath: //*[@id="dashboard-toolbar"]/div[1]
]]></system-out>
    <system-err><![CDATA[Starting ChromeDriver 108.0.5359.71 (1e0e3868ee06e91ad636a874420e3ca3ae3756ac-refs/branch-heads/5359@{#1016}) on port 23658
Only local connections are allowed.
Please see https://chromedriver.chromium.org/security-considerations for suggestions on keeping ChromeDriver safe.
ChromeDriver was started successfully.
Dec 23, 2022 3:13:25 PM org.openqa.selenium.remote.ProtocolHandshake createSession
INFO: Detected dialect: W3C
]]></system-err>
  </testcase>
  <testcase name="verifyHomePageTitleTest" classname="com.crm.qa.testcases.HomePageTest" time="0.009">
    <system-out><![CDATA[Before navigating to: 'https://freecrm.com/'
Navigated to:'https://freecrm.com/'
Trying to find Element By : By.xpath: //a[contains(text(),'Sign Up')]
Found Element By : By.xpath: //a[contains(text(),'Sign Up')]
Trying to click on: [[ChromeDriver: chrome on WINDOWS (c8c4d8b95fa5a27f8fce9e924d719a37)] -> xpath: //a[contains(text(),'Sign Up')]]
Clicked on: [[ChromeDriver: chrome on WINDOWS (c8c4d8b95fa5a27f8fce9e924d719a37)] -> xpath: //a[contains(text(),'Sign Up')]]
Trying to find Element By : By.xpath: //a[contains(text(),'Got an account? Log in here')]
Found Element By : By.xpath: //a[contains(text(),'Got an account? Log in here')]
Trying to click on: [[ChromeDriver: chrome on WINDOWS (c8c4d8b95fa5a27f8fce9e924d719a37)] -> xpath: //a[contains(text(),'Got an account? Log in here')]]
Clicked on: [[ChromeDriver: chrome on WINDOWS (c8c4d8b95fa5a27f8fce9e924d719a37)] -> xpath: //a[contains(text(),'Got an account? Log in here')]]
Trying to find Element By : By.name: email
Found Element By : By.name: email
Trying to find Element By : By.name: password
Found Element By : By.name: password
Trying to find Element By : By.xpath: //div[contains(text(),'Login')]
Found Element By : By.xpath: //div[contains(text(),'Login')]
Trying to click on: [[ChromeDriver: chrome on WINDOWS (c8c4d8b95fa5a27f8fce9e924d719a37)] -> xpath: //div[contains(text(),'Login')]]
Clicked on: [[ChromeDriver: chrome on WINDOWS (c8c4d8b95fa5a27f8fce9e924d719a37)] -> xpath: //div[contains(text(),'Login')]]
]]></system-out>
    <system-err><![CDATA[Starting ChromeDriver 108.0.5359.71 (1e0e3868ee06e91ad636a874420e3ca3ae3756ac-refs/branch-heads/5359@{#1016}) on port 20272
Only local connections are allowed.
Please see https://chromedriver.chromium.org/security-considerations for suggestions on keeping ChromeDriver safe.
ChromeDriver was started successfully.
Dec 23, 2022 3:13:42 PM org.openqa.selenium.remote.ProtocolHandshake createSession
INFO: Detected dialect: W3C
]]></system-err>
  </testcase>
  <testcase name="verifyUserNameTest" classname="com.crm.qa.testcases.HomePageTest" time="1.046">
    <system-out><![CDATA[Before navigating to: 'https://freecrm.com/'
Navigated to:'https://freecrm.com/'
Trying to find Element By : By.xpath: //a[contains(text(),'Sign Up')]
Found Element By : By.xpath: //a[contains(text(),'Sign Up')]
Trying to click on: [[ChromeDriver: chrome on WINDOWS (4dfda807787792c66d58ac7723bb7d52)] -> xpath: //a[contains(text(),'Sign Up')]]
Clicked on: [[ChromeDriver: chrome on WINDOWS (4dfda807787792c66d58ac7723bb7d52)] -> xpath: //a[contains(text(),'Sign Up')]]
Trying to find Element By : By.xpath: //a[contains(text(),'Got an account? Log in here')]
Found Element By : By.xpath: //a[contains(text(),'Got an account? Log in here')]
Trying to click on: [[ChromeDriver: chrome on WINDOWS (4dfda807787792c66d58ac7723bb7d52)] -> xpath: //a[contains(text(),'Got an account? Log in here')]]
Clicked on: [[ChromeDriver: chrome on WINDOWS (4dfda807787792c66d58ac7723bb7d52)] -> xpath: //a[contains(text(),'Got an account? Log in here')]]
Trying to find Element By : By.name: email
Found Element By : By.name: email
Trying to find Element By : By.name: password
Found Element By : By.name: password
Trying to find Element By : By.xpath: //div[contains(text(),'Login')]
Found Element By : By.xpath: //div[contains(text(),'Login')]
Trying to click on: [[ChromeDriver: chrome on WINDOWS (4dfda807787792c66d58ac7723bb7d52)] -> xpath: //div[contains(text(),'Login')]]
Clicked on: [[ChromeDriver: chrome on WINDOWS (4dfda807787792c66d58ac7723bb7d52)] -> xpath: //div[contains(text(),'Login')]]
Trying to find Element By : By.xpath: //span[contains(text(),'Rohit Suryan')]
Found Element By : By.xpath: //span[contains(text(),'Rohit Suryan')]
]]></system-out>
    <system-err><![CDATA[Starting ChromeDriver 108.0.5359.71 (1e0e3868ee06e91ad636a874420e3ca3ae3756ac-refs/branch-heads/5359@{#1016}) on port 31395
Only local connections are allowed.
Please see https://chromedriver.chromium.org/security-considerations for suggestions on keeping ChromeDriver safe.
ChromeDriver was started successfully.
Dec 23, 2022 3:13:59 PM org.openqa.selenium.remote.ProtocolHandshake createSession
INFO: Detected dialect: W3C
]]></system-err>
  </testcase>
  <testcase name="verifyContactsLinkTest" classname="com.crm.qa.testcases.HomePageTest" time="4.372">
    <system-out><![CDATA[Before navigating to: 'https://freecrm.com/'
Navigated to:'https://freecrm.com/'
Trying to find Element By : By.xpath: //a[contains(text(),'Sign Up')]
Found Element By : By.xpath: //a[contains(text(),'Sign Up')]
Trying to click on: [[ChromeDriver: chrome on WINDOWS (5ba2833ab5c2642d6b75d6b3a5aa8ea1)] -> xpath: //a[contains(text(),'Sign Up')]]
Clicked on: [[ChromeDriver: chrome on WINDOWS (5ba2833ab5c2642d6b75d6b3a5aa8ea1)] -> xpath: //a[contains(text(),'Sign Up')]]
Trying to find Element By : By.xpath: //a[contains(text(),'Got an account? Log in here')]
Found Element By : By.xpath: //a[contains(text(),'Got an account? Log in here')]
Trying to click on: [[ChromeDriver: chrome on WINDOWS (5ba2833ab5c2642d6b75d6b3a5aa8ea1)] -> xpath: //a[contains(text(),'Got an account? Log in here')]]
Clicked on: [[ChromeDriver: chrome on WINDOWS (5ba2833ab5c2642d6b75d6b3a5aa8ea1)] -> xpath: //a[contains(text(),'Got an account? Log in here')]]
Trying to find Element By : By.name: email
Found Element By : By.name: email
Trying to find Element By : By.name: password
Found Element By : By.name: password
Trying to find Element By : By.xpath: //div[contains(text(),'Login')]
Found Element By : By.xpath: //div[contains(text(),'Login')]
Trying to click on: [[ChromeDriver: chrome on WINDOWS (5ba2833ab5c2642d6b75d6b3a5aa8ea1)] -> xpath: //div[contains(text(),'Login')]]
Clicked on: [[ChromeDriver: chrome on WINDOWS (5ba2833ab5c2642d6b75d6b3a5aa8ea1)] -> xpath: //div[contains(text(),'Login')]]
Trying to find Element By : By.xpath: //*[@id="main-nav"]/div[3]/a
Found Element By : By.xpath: //*[@id="main-nav"]/div[3]/a
Trying to click on: [[ChromeDriver: chrome on WINDOWS (5ba2833ab5c2642d6b75d6b3a5aa8ea1)] -> xpath: //*[@id="main-nav"]/div[3]/a]
Clicked on: [[ChromeDriver: chrome on WINDOWS (5ba2833ab5c2642d6b75d6b3a5aa8ea1)] -> xpath: //*[@id="main-nav"]/div[3]/a]
Trying to find Element By : By.xpath: //*[@id="dashboard-toolbar"]/div[1]
Found Element By : By.xpath: //*[@id="dashboard-toolbar"]/div[1]
]]></system-out>
    <system-err><![CDATA[Starting ChromeDriver 108.0.5359.71 (1e0e3868ee06e91ad636a874420e3ca3ae3756ac-refs/branch-heads/5359@{#1016}) on port 26001
Only local connections are allowed.
Please see https://chromedriver.chromium.org/security-considerations for suggestions on keeping ChromeDriver safe.
ChromeDriver was started successfully.
Dec 23, 2022 3:14:18 PM org.openqa.selenium.remote.ProtocolHandshake createSession
INFO: Detected dialect: W3C
]]></system-err>
  </testcase>
  <testcase name="loginPageTitleTest" classname="com.crm.qa.testcases.LoginPageTest" time="0.003">
    <system-out><![CDATA[Before navigating to: 'https://freecrm.com/'
Navigated to:'https://freecrm.com/'
]]></system-out>
    <system-err><![CDATA[Starting ChromeDriver 108.0.5359.71 (1e0e3868ee06e91ad636a874420e3ca3ae3756ac-refs/branch-heads/5359@{#1016}) on port 38594
Only local connections are allowed.
Please see https://chromedriver.chromium.org/security-considerations for suggestions on keeping ChromeDriver safe.
ChromeDriver was started successfully.
Dec 23, 2022 3:13:55 PM org.openqa.selenium.remote.ProtocolHandshake createSession
INFO: Detected dialect: W3C
]]></system-err>
  </testcase>
  <testcase name="crmLogoImageTest" classname="com.crm.qa.testcases.LoginPageTest" time="0.09">
    <system-out><![CDATA[Before navigating to: 'https://freecrm.com/'
Navigated to:'https://freecrm.com/'
Trying to find Element By : By.xpath: //img[@class='img-responsive']
Found Element By : By.xpath: //img[@class='img-responsive']
]]></system-out>
    <system-err><![CDATA[Starting ChromeDriver 108.0.5359.71 (1e0e3868ee06e91ad636a874420e3ca3ae3756ac-refs/branch-heads/5359@{#1016}) on port 37614
Only local connections are allowed.
Please see https://chromedriver.chromium.org/security-considerations for suggestions on keeping ChromeDriver safe.
ChromeDriver was started successfully.
Dec 23, 2022 3:14:13 PM org.openqa.selenium.remote.ProtocolHandshake createSession
INFO: Detected dialect: W3C
]]></system-err>
  </testcase>
  <testcase name="loginTest" classname="com.crm.qa.testcases.LoginPageTest" time="8.113">
    <system-out><![CDATA[Before navigating to: 'https://freecrm.com/'
Navigated to:'https://freecrm.com/'
Trying to find Element By : By.xpath: //a[contains(text(),'Sign Up')]
Found Element By : By.xpath: //a[contains(text(),'Sign Up')]
Trying to click on: [[ChromeDriver: chrome on WINDOWS (cda2f38b09dd4e2e0f38b8fcefeef143)] -> xpath: //a[contains(text(),'Sign Up')]]
Clicked on: [[ChromeDriver: chrome on WINDOWS (cda2f38b09dd4e2e0f38b8fcefeef143)] -> xpath: //a[contains(text(),'Sign Up')]]
Trying to find Element By : By.xpath: //a[contains(text(),'Got an account? Log in here')]
Found Element By : By.xpath: //a[contains(text(),'Got an account? Log in here')]
Trying to click on: [[ChromeDriver: chrome on WINDOWS (cda2f38b09dd4e2e0f38b8fcefeef143)] -> xpath: //a[contains(text(),'Got an account? Log in here')]]
Clicked on: [[ChromeDriver: chrome on WINDOWS (cda2f38b09dd4e2e0f38b8fcefeef143)] -> xpath: //a[contains(text(),'Got an account? Log in here')]]
Trying to find Element By : By.name: email
Found Element By : By.name: email
Trying to find Element By : By.name: password
Found Element By : By.name: password
Trying to find Element By : By.xpath: //div[contains(text(),'Login')]
Found Element By : By.xpath: //div[contains(text(),'Login')]
Trying to click on: [[ChromeDriver: chrome on WINDOWS (cda2f38b09dd4e2e0f38b8fcefeef143)] -> xpath: //div[contains(text(),'Login')]]
Clicked on: [[ChromeDriver: chrome on WINDOWS (cda2f38b09dd4e2e0f38b8fcefeef143)] -> xpath: //div[contains(text(),'Login')]]
]]></system-out>
    <system-err><![CDATA[Starting ChromeDriver 108.0.5359.71 (1e0e3868ee06e91ad636a874420e3ca3ae3756ac-refs/branch-heads/5359@{#1016}) on port 10054
Only local connections are allowed.
Please see https://chromedriver.chromium.org/security-considerations for suggestions on keeping ChromeDriver safe.
ChromeDriver was started successfully.
Dec 23, 2022 3:14:36 PM org.openqa.selenium.remote.ProtocolHandshake createSession
INFO: Detected dialect: W3C
]]></system-err>
  </testcase>
</testsuite>