<?xml version="1.0" encoding="UTF-8"?>
<testng-results ignored="0" total="3" passed="3" failed="0" skipped="0">
  <reporter-output>
  </reporter-output>
  <suite started-at="2022-12-23T06:58:02Z" name="Default suite" finished-at="2022-12-23T06:58:26Z" duration-ms="23113">
    <groups>
    </groups>
    <test started-at="2022-12-23T06:58:02Z" name="Default test" finished-at="2022-12-23T06:58:26Z" duration-ms="23113">
      <class name="com.crm.qa.testcases.LoginPageTest">
        <test-method is-config="true" signature="setUp()[pri:0, instance:com.crm.qa.testcases.LoginPageTest@5456afaa]" started-at="2022-12-23T12:28:02Z" name="setUp" finished-at="2022-12-23T12:28:08Z" duration-ms="5362" status="PASS">
          <reporter-output>
          </reporter-output>
        </test-method> <!-- setUp -->
        <test-method signature="loginPageTitleTest()[pri:1, instance:com.crm.qa.testcases.LoginPageTest@5456afaa]" started-at="2022-12-23T12:28:08Z" name="loginPageTitleTest" finished-at="2022-12-23T12:28:08Z" duration-ms="20" status="PASS">
          <reporter-output>
          </reporter-output>
        </test-method> <!-- loginPageTitleTest -->
        <test-method is-config="true" signature="tearDown()[pri:0, instance:com.crm.qa.testcases.LoginPageTest@5456afaa]" started-at="2022-12-23T12:28:08Z" name="tearDown" finished-at="2022-12-23T12:28:09Z" duration-ms="672" status="PASS">
          <reporter-output>
          </reporter-output>
        </test-method> <!-- tearDown -->
        <test-method is-config="true" signature="setUp()[pri:0, instance:com.crm.qa.testcases.LoginPageTest@5456afaa]" started-at="2022-12-23T12:28:09Z" name="setUp" finished-at="2022-12-23T12:28:12Z" duration-ms="3466" status="PASS">
          <reporter-output>
          </reporter-output>
        </test-method> <!-- setUp -->
        <test-method signature="crmLogoImageTest()[pri:2, instance:com.crm.qa.testcases.LoginPageTest@5456afaa]" started-at="2022-12-23T12:28:12Z" name="crmLogoImageTest" finished-at="2022-12-23T12:28:12Z" duration-ms="170" status="PASS">
          <reporter-output>
          </reporter-output>
        </test-method> <!-- crmLogoImageTest -->
        <test-method is-config="true" signature="tearDown()[pri:0, instance:com.crm.qa.testcases.LoginPageTest@5456afaa]" started-at="2022-12-23T12:28:12Z" name="tearDown" finished-at="2022-12-23T12:28:13Z" duration-ms="724" status="PASS">
          <reporter-output>
          </reporter-output>
        </test-method> <!-- tearDown -->
        <test-method is-config="true" signature="setUp()[pri:0, instance:com.crm.qa.testcases.LoginPageTest@5456afaa]" started-at="2022-12-23T12:28:13Z" name="setUp" finished-at="2022-12-23T12:28:16Z" duration-ms="3439" status="PASS">
          <reporter-output>
          </reporter-output>
        </test-method> <!-- setUp -->
        <test-method signature="loginTest()[pri:3, instance:com.crm.qa.testcases.LoginPageTest@5456afaa]" started-at="2022-12-23T12:28:16Z" name="loginTest" finished-at="2022-12-23T12:28:25Z" duration-ms="8417" status="PASS">
          <reporter-output>
          </reporter-output>
        </test-method> <!-- loginTest -->
        <test-method is-config="true" signature="tearDown()[pri:0, instance:com.crm.qa.testcases.LoginPageTest@5456afaa]" started-at="2022-12-23T12:28:25Z" name="tearDown" finished-at="2022-12-23T12:28:26Z" duration-ms="808" status="PASS">
          <reporter-output>
          </reporter-output>
        </test-method> <!-- tearDown -->
      </class> <!-- com.crm.qa.testcases.LoginPageTest -->
    </test> <!-- Default test -->
  </suite> <!-- Default suite -->
</testng-results>
